******************************************************************************************************************************************************
[2025-10-15 10:08:57] | 79968528112400 | REQUEST-STARTED
[2025-10-15 10:08:57] | 79968528112400 | CALLER: GSTUSR
[2025-10-15 10:08:57] | 79968528112400 | REQUEST-URL: /Login/get_captcha
[2025-10-15 10:08:57] | 79968528112400 | REQUEST-CONTENT-TYPE: 
[2025-10-15 10:08:57] | 79968528112400 | REQUEST-DATA: {"data":"","files":[]}
[2025-10-15 10:08:57] | 79968528112400 | REQUEST-URL-DATA: ["Login","get_captcha"]
[2025-10-15 10:08:57] | 79968528112400 | AUTH-CHECK: false
[2025-10-15 10:08:57] | 79968528112400 | REQUEST-STARTED: "Login"
[2025-10-15 10:08:57] | 79968528112400 | LOADING CONTROLLER
[2025-10-15 10:08:57] | 79968528112400 | REQUEST-ENDED: "Login"
******************************************************************************************************************************************************
[2025-10-15 10:09:09] | 79980214446300 | REQUEST-STARTED
[2025-10-15 10:09:09] | 79980214446300 | CALLER: GSTUSR
[2025-10-15 10:09:09] | 79980214446300 | REQUEST-URL: /login/login
[2025-10-15 10:09:09] | 79980214446300 | REQUEST-CONTENT-TYPE: application/x-www-form-urlencoded
[2025-10-15 10:09:09] | 79980214446300 | REQUEST-DATA: {"data":"CONFIDENTIAL","files":[]}
[2025-10-15 10:09:09] | 79980214446300 | REQUEST-URL-DATA: ["login","login"]
[2025-10-15 10:09:09] | 79980214446300 | AUTH-CHECK: false
[2025-10-15 10:09:09] | 79980214446300 | REQUEST-STARTED: "login"
[2025-10-15 10:09:09] | 79980214446300 | LOADING CONTROLLER
[2025-10-15 10:09:09] | 79980214446300 | Initiating Login Sequence
******************************************************************************************************************************************************
[2025-10-15 10:09:09] | 79980336633800 | REQUEST-STARTED
[2025-10-15 10:09:09] | 79980336633800 | CALLER: GSTUSR
[2025-10-15 10:09:09] | 79980336633800 | REQUEST-URL: /Login/get_captcha
[2025-10-15 10:09:09] | 79980336633800 | REQUEST-CONTENT-TYPE: 
[2025-10-15 10:09:09] | 79980336633800 | REQUEST-DATA: {"data":"","files":[]}
[2025-10-15 10:09:09] | 79980336633800 | REQUEST-URL-DATA: ["Login","get_captcha"]
[2025-10-15 10:09:09] | 79980336633800 | AUTH-CHECK: false
[2025-10-15 10:09:09] | 79980336633800 | REQUEST-STARTED: "Login"
[2025-10-15 10:09:09] | 79980336633800 | LOADING CONTROLLER
[2025-10-15 10:09:09] | 79980336633800 | REQUEST-ENDED: "Login"
******************************************************************************************************************************************************
[2025-10-15 10:11:06] | 80097401023200 | REQUEST-STARTED
[2025-10-15 10:11:06] | 80097401023200 | CALLER: GSTUSR
[2025-10-15 10:11:06] | 80097401023200 | REQUEST-URL: /login/login
[2025-10-15 10:11:06] | 80097401023200 | REQUEST-CONTENT-TYPE: application/x-www-form-urlencoded
[2025-10-15 10:11:06] | 80097401023200 | REQUEST-DATA: {"data":"CONFIDENTIAL","files":[]}
[2025-10-15 10:11:06] | 80097401023200 | REQUEST-URL-DATA: ["login","login"]
[2025-10-15 10:11:06] | 80097401023200 | AUTH-CHECK: false
[2025-10-15 10:11:06] | 80097401023200 | REQUEST-STARTED: "login"
[2025-10-15 10:11:06] | 80097401023200 | LOADING CONTROLLER
[2025-10-15 10:11:06] | 80097401023200 | Initiating Login Sequence
******************************************************************************************************************************************************
[2025-10-15 10:11:06] | 80097544402200 | REQUEST-STARTED
[2025-10-15 10:11:06] | 80097544402200 | CALLER: GSTUSR
[2025-10-15 10:11:06] | 80097544402200 | REQUEST-URL: /Login/get_captcha
[2025-10-15 10:11:06] | 80097544402200 | REQUEST-CONTENT-TYPE: 
[2025-10-15 10:11:06] | 80097544402200 | REQUEST-DATA: {"data":"","files":[]}
[2025-10-15 10:11:06] | 80097544402200 | REQUEST-URL-DATA: ["Login","get_captcha"]
[2025-10-15 10:11:06] | 80097544402200 | AUTH-CHECK: false
[2025-10-15 10:11:06] | 80097544402200 | REQUEST-STARTED: "Login"
[2025-10-15 10:11:06] | 80097544402200 | LOADING CONTROLLER
[2025-10-15 10:11:06] | 80097544402200 | REQUEST-ENDED: "Login"
******************************************************************************************************************************************************
[2025-10-15 10:11:17] | 80108741725900 | REQUEST-STARTED
[2025-10-15 10:11:17] | 80108741725900 | CALLER: GSTUSR
[2025-10-15 10:11:17] | 80108741725900 | REQUEST-URL: /login/login
[2025-10-15 10:11:17] | 80108741725900 | REQUEST-CONTENT-TYPE: application/x-www-form-urlencoded
[2025-10-15 10:11:17] | 80108741725900 | REQUEST-DATA: {"data":"CONFIDENTIAL","files":[]}
[2025-10-15 10:11:17] | 80108741725900 | REQUEST-URL-DATA: ["login","login"]
[2025-10-15 10:11:17] | 80108741725900 | AUTH-CHECK: false
[2025-10-15 10:11:17] | 80108741725900 | REQUEST-STARTED: "login"
[2025-10-15 10:11:17] | 80108741725900 | LOADING CONTROLLER
[2025-10-15 10:11:17] | 80108741725900 | Initiating Login Sequence
[2025-10-15 10:11:17] | 80108741725900 | Login Successful
******************************************************************************************************************************************************
[2025-10-15 10:11:17] | 80108971235800 | REQUEST-STARTED
[2025-10-15 10:11:17] | 80108971235800 | CALLER: bagashy@gmail.com
[2025-10-15 10:11:17] | 80108971235800 | REQUEST-URL: /menu/get_user_menus
[2025-10-15 10:11:17] | 80108971235800 | REQUEST-CONTENT-TYPE: 
[2025-10-15 10:11:17] | 80108971235800 | REQUEST-DATA: {"data":"","files":[]}
[2025-10-15 10:11:17] | 80108971235800 | REQUEST-URL-DATA: ["menu","get_user_menus"]
[2025-10-15 10:11:17] | 80108971235800 | AUTH-CHECK: true
[2025-10-15 10:11:17] | 80108971235800 | REQUEST-STARTED: "menu"
[2025-10-15 10:11:17] | 80108971235800 | AUTH-USER: {"returned":1993,"capture_activity":"10\/15\/2025 10:11:06 am","captcha_string":"RBNSTI","rp_signed_in":true,"username":"Abdirahman Hassan","user_id":"RAH123","id":"1","domain":"mx_user","role":"3","validity":false,"LAST_ACTIVITY":1760512277,"login_type":"user"}
[2025-10-15 10:11:17] | 80108971235800 | LOADING CONTROLLER
[2025-10-15 10:11:17] | 80108971235800 | CHECKING DUAL CONTROL
[2025-10-15 10:11:17] | 80108971235800 | DUAL-CONTROL: {}
[2025-10-15 10:11:17] | 80108971235800 | DUAL-CONTROL-RESULT: false
[2025-10-15 10:11:17] | 80108971235800 | LOADING CONTROLLER METHOD
[2025-10-15 10:11:17] | 80108971235800 | CODE-ERROR:[{"file":"C:\\Users\\Rahisi Dev\\3D Objects\\New folder\\mabrex\\inc\\helpers.php","line":187,"function":"mxPublicError","args":[2,"Undefined array key \"lang\"","C:\\Users\\Rahisi Dev\\3D Objects\\New folder\\mabrex\\inc\\helpers.php",187]},{"file":"C:\\Users\\Rahisi Dev\\3D Objects\\New folder\\mabrex\\modules\\Menu\\Menu.php","line":311,"function":"trans","args":["Home"]},{"function":"get_user_menus","class":"Modules\\Menu\\Menu","object":{"module":"Menu","view":{"class":null,"allRecords":null,"table":null,"resultData":null,"postData":null,"primary_color":null,"secondary_color":null,"msg":null,"sub":null,"icon":null,"table_headers":null,"caller":null,"labels":null,"show_cards":null,"formatters":null,"hiddens":null,"form_headers":null},"model":{"sql":"","db":{"stmt":null},"table":"mx_menu","no_old_data":["saveMenu"]}},"type":"->","args":[]},{"file":"C:\\Users\\Rahisi Dev\\3D Objects\\New folder\\mabrex\\libs\\Mabrex.php","line":224,"function":"call_user_func_array","args":[[{"module":"Menu","view":{"class":null,"allRecords":null,"table":null,"resultData":null,"postData":null,"primary_color":null,"secondary_color":null,"msg":null,"sub":null,"icon":null,"table_headers":null,"caller":null,"labels":null,"show_cards":null,"formatters":null,"hiddens":null,"form_headers":null},"model":{"sql":"","db":{"stmt":null},"table":"mx_menu","no_old_data":["saveMenu"]}},"get_user_menus"],[]]},{"file":"C:\\Users\\Rahisi Dev\\3D Objects\\New folder\\mabrex\\libs\\Mabrex.php","line":157,"function":"_callControllerMethod","class":"Libs\\Mabrex","object":{},"type":"->","args":[]},{"file":"C:\\Users\\Rahisi Dev\\3D Objects\\New folder\\mabrex\\libs\\Mabrex.php","line":115,"function":"handleDualControl","class":"Libs\\Mabrex","object":{},"type":"->","args":[]},{"file":"C:\\Users\\Rahisi Dev\\3D Objects\\New folder\\mabrex\\libs\\Mabrex.php","line":85,"function":"loadControllerWithAuth","class":"Libs\\Mabrex","object":{},"type":"->","args":[]},{"file":"C:\\Users\\Rahisi Dev\\3D Objects\\New folder\\mabrex\\bootstrap\\web.php","line":23,"function":"init","class":"Libs\\Mabrex","object":{},"type":"->","args":[]},{"file":"C:\\Users\\Rahisi Dev\\3D Objects\\New folder\\mabrex\\bootstrap\\app.php","line":33,"args":["C:\\Users\\Rahisi Dev\\3D Objects\\New folder\\mabrex\\bootstrap\\web.php"],"function":"require_once"},{"file":"C:\\Users\\Rahisi Dev\\3D Objects\\New folder\\mabrex\\public\\index.php","line":12,"args":["C:\\Users\\Rahisi Dev\\3D Objects\\New folder\\mabrex\\bootstrap\\app.php"],"function":"require_once"}]
******************************************************************************************************************************************************
[2025-10-15 10:19:54] | 80625385335300 | REQUEST-STARTED
[2025-10-15 10:19:54] | 80625385335300 | CALLER: bagashy@gmail.com
[2025-10-15 10:19:54] | 80625385335300 | REQUEST-URL: /menu/get_user_menus
[2025-10-15 10:19:54] | 80625385335300 | REQUEST-CONTENT-TYPE: 
[2025-10-15 10:19:54] | 80625385335300 | REQUEST-DATA: {"data":"","files":[]}
[2025-10-15 10:19:54] | 80625385335300 | REQUEST-URL-DATA: ["menu","get_user_menus"]
[2025-10-15 10:19:54] | 80625385335300 | AUTH-CHECK: true
[2025-10-15 10:19:54] | 80625385335300 | REQUEST-STARTED: "menu"
[2025-10-15 10:19:54] | 80625385335300 | AUTH-USER: {"returned":1993,"capture_activity":"10\/15\/2025 10:11:06 am","captcha_string":"RBNSTI","rp_signed_in":true,"username":"Abdirahman Hassan","user_id":"RAH123","id":"1","domain":"mx_user","role":"3","validity":false,"LAST_ACTIVITY":1760512277,"login_type":"user"}
[2025-10-15 10:19:54] | 80625385335300 | LOADING CONTROLLER
[2025-10-15 10:19:54] | 80625385335300 | CHECKING DUAL CONTROL
[2025-10-15 10:19:54] | 80625385335300 | DUAL-CONTROL: {}
[2025-10-15 10:19:54] | 80625385335300 | DUAL-CONTROL-RESULT: false
[2025-10-15 10:19:54] | 80625385335300 | LOADING CONTROLLER METHOD
[2025-10-15 10:19:54] | 80625385335300 | CODE-ERROR:[{"file":"C:\\Users\\Rahisi Dev\\3D Objects\\New folder\\mabrex\\inc\\helpers.php","line":187,"function":"mxPublicError","args":[2,"Undefined array key \"lang\"","C:\\Users\\Rahisi Dev\\3D Objects\\New folder\\mabrex\\inc\\helpers.php",187]},{"file":"C:\\Users\\Rahisi Dev\\3D Objects\\New folder\\mabrex\\modules\\Menu\\Menu.php","line":311,"function":"trans","args":["Home"]},{"function":"get_user_menus","class":"Modules\\Menu\\Menu","object":{"module":"Menu","view":{"class":null,"allRecords":null,"table":null,"resultData":null,"postData":null,"primary_color":null,"secondary_color":null,"msg":null,"sub":null,"icon":null,"table_headers":null,"caller":null,"labels":null,"show_cards":null,"formatters":null,"hiddens":null,"form_headers":null},"model":{"sql":"","db":{"stmt":null},"table":"mx_menu","no_old_data":["saveMenu"]}},"type":"->","args":[]},{"file":"C:\\Users\\Rahisi Dev\\3D Objects\\New folder\\mabrex\\libs\\Mabrex.php","line":224,"function":"call_user_func_array","args":[[{"module":"Menu","view":{"class":null,"allRecords":null,"table":null,"resultData":null,"postData":null,"primary_color":null,"secondary_color":null,"msg":null,"sub":null,"icon":null,"table_headers":null,"caller":null,"labels":null,"show_cards":null,"formatters":null,"hiddens":null,"form_headers":null},"model":{"sql":"","db":{"stmt":null},"table":"mx_menu","no_old_data":["saveMenu"]}},"get_user_menus"],[]]},{"file":"C:\\Users\\Rahisi Dev\\3D Objects\\New folder\\mabrex\\libs\\Mabrex.php","line":157,"function":"_callControllerMethod","class":"Libs\\Mabrex","object":{},"type":"->","args":[]},{"file":"C:\\Users\\Rahisi Dev\\3D Objects\\New folder\\mabrex\\libs\\Mabrex.php","line":115,"function":"handleDualControl","class":"Libs\\Mabrex","object":{},"type":"->","args":[]},{"file":"C:\\Users\\Rahisi Dev\\3D Objects\\New folder\\mabrex\\libs\\Mabrex.php","line":85,"function":"loadControllerWithAuth","class":"Libs\\Mabrex","object":{},"type":"->","args":[]},{"file":"C:\\Users\\Rahisi Dev\\3D Objects\\New folder\\mabrex\\bootstrap\\web.php","line":23,"function":"init","class":"Libs\\Mabrex","object":{},"type":"->","args":[]},{"file":"C:\\Users\\Rahisi Dev\\3D Objects\\New folder\\mabrex\\bootstrap\\app.php","line":33,"args":["C:\\Users\\Rahisi Dev\\3D Objects\\New folder\\mabrex\\bootstrap\\web.php"],"function":"require_once"},{"file":"C:\\Users\\Rahisi Dev\\3D Objects\\New folder\\mabrex\\public\\index.php","line":12,"args":["C:\\Users\\Rahisi Dev\\3D Objects\\New folder\\mabrex\\bootstrap\\app.php"],"function":"require_once"}]
******************************************************************************************************************************************************
[2025-10-15 10:42:17] | 81969149107800 | REQUEST-STARTED
[2025-10-15 10:42:18] | 81969149107800 | CALLER: bagashy@gmail.com
[2025-10-15 10:42:18] | 81969149107800 | REQUEST-URL: /menu/get_user_menus
[2025-10-15 10:42:18] | 81969149107800 | REQUEST-CONTENT-TYPE: 
[2025-10-15 10:42:18] | 81969149107800 | REQUEST-DATA: {"data":"","files":[]}
[2025-10-15 10:42:18] | 81969149107800 | REQUEST-URL-DATA: ["menu","get_user_menus"]
[2025-10-15 10:42:18] | 81969149107800 | AUTH-CHECK: true
[2025-10-15 10:42:18] | 81969149107800 | REQUEST-STARTED: "menu"
[2025-10-15 10:42:18] | 81969149107800 | AUTH-USER: {"returned":1993,"capture_activity":"10\/15\/2025 10:11:06 am","captcha_string":"RBNSTI","rp_signed_in":true,"username":"Abdirahman Hassan","user_id":"RAH123","id":"1","domain":"mx_user","role":"3","validity":false,"LAST_ACTIVITY":1760512277,"login_type":"user"}
[2025-10-15 10:42:18] | 81969149107800 | LOADING CONTROLLER
[2025-10-15 10:42:18] | 81969149107800 | CHECKING DUAL CONTROL
[2025-10-15 10:42:18] | 81969149107800 | DUAL-CONTROL: {}
[2025-10-15 10:42:18] | 81969149107800 | DUAL-CONTROL-RESULT: false
[2025-10-15 10:42:18] | 81969149107800 | LOADING CONTROLLER METHOD
[2025-10-15 10:42:18] | 81969149107800 | CODE-ERROR:[{"file":"C:\\Users\\Rahisi Dev\\3D Objects\\New folder\\mabrex\\inc\\helpers.php","line":187,"function":"mxPublicError","args":[2,"Undefined array key \"lang\"","C:\\Users\\Rahisi Dev\\3D Objects\\New folder\\mabrex\\inc\\helpers.php",187]},{"file":"C:\\Users\\Rahisi Dev\\3D Objects\\New folder\\mabrex\\modules\\Menu\\Menu.php","line":311,"function":"trans","args":["Home"]},{"function":"get_user_menus","class":"Modules\\Menu\\Menu","object":{"module":"Menu","view":{"class":null,"allRecords":null,"table":null,"resultData":null,"postData":null,"primary_color":null,"secondary_color":null,"msg":null,"sub":null,"icon":null,"table_headers":null,"caller":null,"labels":null,"show_cards":null,"formatters":null,"hiddens":null,"form_headers":null},"model":{"sql":"","db":{"stmt":null},"table":"mx_menu","no_old_data":["saveMenu"]}},"type":"->","args":[]},{"file":"C:\\Users\\Rahisi Dev\\3D Objects\\New folder\\mabrex\\libs\\Mabrex.php","line":224,"function":"call_user_func_array","args":[[{"module":"Menu","view":{"class":null,"allRecords":null,"table":null,"resultData":null,"postData":null,"primary_color":null,"secondary_color":null,"msg":null,"sub":null,"icon":null,"table_headers":null,"caller":null,"labels":null,"show_cards":null,"formatters":null,"hiddens":null,"form_headers":null},"model":{"sql":"","db":{"stmt":null},"table":"mx_menu","no_old_data":["saveMenu"]}},"get_user_menus"],[]]},{"file":"C:\\Users\\Rahisi Dev\\3D Objects\\New folder\\mabrex\\libs\\Mabrex.php","line":157,"function":"_callControllerMethod","class":"Libs\\Mabrex","object":{},"type":"->","args":[]},{"file":"C:\\Users\\Rahisi Dev\\3D Objects\\New folder\\mabrex\\libs\\Mabrex.php","line":115,"function":"handleDualControl","class":"Libs\\Mabrex","object":{},"type":"->","args":[]},{"file":"C:\\Users\\Rahisi Dev\\3D Objects\\New folder\\mabrex\\libs\\Mabrex.php","line":85,"function":"loadControllerWithAuth","class":"Libs\\Mabrex","object":{},"type":"->","args":[]},{"file":"C:\\Users\\Rahisi Dev\\3D Objects\\New folder\\mabrex\\bootstrap\\web.php","line":23,"function":"init","class":"Libs\\Mabrex","object":{},"type":"->","args":[]},{"file":"C:\\Users\\Rahisi Dev\\3D Objects\\New folder\\mabrex\\bootstrap\\app.php","line":33,"args":["C:\\Users\\Rahisi Dev\\3D Objects\\New folder\\mabrex\\bootstrap\\web.php"],"function":"require_once"},{"file":"C:\\Users\\Rahisi Dev\\3D Objects\\New folder\\mabrex\\public\\index.php","line":12,"args":["C:\\Users\\Rahisi Dev\\3D Objects\\New folder\\mabrex\\bootstrap\\app.php"],"function":"require_once"}]
******************************************************************************************************************************************************
[2025-10-15 10:42:23] | 81975040533600 | REQUEST-STARTED
[2025-10-15 10:42:23] | 81975040533600 | CALLER: bagashy@gmail.com
[2025-10-15 10:42:23] | 81975040533600 | REQUEST-URL: /menu/get_user_menus
[2025-10-15 10:42:23] | 81975040533600 | REQUEST-CONTENT-TYPE: 
[2025-10-15 10:42:23] | 81975040533600 | REQUEST-DATA: {"data":"","files":[]}
[2025-10-15 10:42:23] | 81975040533600 | REQUEST-URL-DATA: ["menu","get_user_menus"]
[2025-10-15 10:42:23] | 81975040533600 | AUTH-CHECK: true
[2025-10-15 10:42:23] | 81975040533600 | REQUEST-STARTED: "menu"
[2025-10-15 10:42:23] | 81975040533600 | AUTH-USER: {"returned":1993,"capture_activity":"10\/15\/2025 10:11:06 am","captcha_string":"RBNSTI","rp_signed_in":true,"username":"Abdirahman Hassan","user_id":"RAH123","id":"1","domain":"mx_user","role":"3","validity":false,"LAST_ACTIVITY":1760512277,"login_type":"user"}
[2025-10-15 10:42:23] | 81975040533600 | LOADING CONTROLLER
[2025-10-15 10:42:23] | 81975040533600 | CHECKING DUAL CONTROL
[2025-10-15 10:42:23] | 81975040533600 | DUAL-CONTROL: {}
[2025-10-15 10:42:23] | 81975040533600 | DUAL-CONTROL-RESULT: false
[2025-10-15 10:42:23] | 81975040533600 | LOADING CONTROLLER METHOD
[2025-10-15 10:42:23] | 81975040533600 | CODE-ERROR:[{"file":"C:\\Users\\Rahisi Dev\\3D Objects\\New folder\\mabrex\\inc\\helpers.php","line":187,"function":"mxPublicError","args":[2,"Undefined array key \"lang\"","C:\\Users\\Rahisi Dev\\3D Objects\\New folder\\mabrex\\inc\\helpers.php",187]},{"file":"C:\\Users\\Rahisi Dev\\3D Objects\\New folder\\mabrex\\modules\\Menu\\Menu.php","line":311,"function":"trans","args":["Home"]},{"function":"get_user_menus","class":"Modules\\Menu\\Menu","object":{"module":"Menu","view":{"class":null,"allRecords":null,"table":null,"resultData":null,"postData":null,"primary_color":null,"secondary_color":null,"msg":null,"sub":null,"icon":null,"table_headers":null,"caller":null,"labels":null,"show_cards":null,"formatters":null,"hiddens":null,"form_headers":null},"model":{"sql":"","db":{"stmt":null},"table":"mx_menu","no_old_data":["saveMenu"]}},"type":"->","args":[]},{"file":"C:\\Users\\Rahisi Dev\\3D Objects\\New folder\\mabrex\\libs\\Mabrex.php","line":224,"function":"call_user_func_array","args":[[{"module":"Menu","view":{"class":null,"allRecords":null,"table":null,"resultData":null,"postData":null,"primary_color":null,"secondary_color":null,"msg":null,"sub":null,"icon":null,"table_headers":null,"caller":null,"labels":null,"show_cards":null,"formatters":null,"hiddens":null,"form_headers":null},"model":{"sql":"","db":{"stmt":null},"table":"mx_menu","no_old_data":["saveMenu"]}},"get_user_menus"],[]]},{"file":"C:\\Users\\Rahisi Dev\\3D Objects\\New folder\\mabrex\\libs\\Mabrex.php","line":157,"function":"_callControllerMethod","class":"Libs\\Mabrex","object":{},"type":"->","args":[]},{"file":"C:\\Users\\Rahisi Dev\\3D Objects\\New folder\\mabrex\\libs\\Mabrex.php","line":115,"function":"handleDualControl","class":"Libs\\Mabrex","object":{},"type":"->","args":[]},{"file":"C:\\Users\\Rahisi Dev\\3D Objects\\New folder\\mabrex\\libs\\Mabrex.php","line":85,"function":"loadControllerWithAuth","class":"Libs\\Mabrex","object":{},"type":"->","args":[]},{"file":"C:\\Users\\Rahisi Dev\\3D Objects\\New folder\\mabrex\\bootstrap\\web.php","line":23,"function":"init","class":"Libs\\Mabrex","object":{},"type":"->","args":[]},{"file":"C:\\Users\\Rahisi Dev\\3D Objects\\New folder\\mabrex\\bootstrap\\app.php","line":33,"args":["C:\\Users\\Rahisi Dev\\3D Objects\\New folder\\mabrex\\bootstrap\\web.php"],"function":"require_once"},{"file":"C:\\Users\\Rahisi Dev\\3D Objects\\New folder\\mabrex\\public\\index.php","line":12,"args":["C:\\Users\\Rahisi Dev\\3D Objects\\New folder\\mabrex\\bootstrap\\app.php"],"function":"require_once"}]
******************************************************************************************************************************************************
[2025-10-15 14:37:31] | 96082508846600 | REQUEST-STARTED
[2025-10-15 14:37:31] | 96082508846600 | CALLER: GSTUSR
[2025-10-15 14:37:31] | 96082508846600 | REQUEST-URL: /Login/get_captcha
[2025-10-15 14:37:31] | 96082508846600 | REQUEST-CONTENT-TYPE: 
[2025-10-15 14:37:31] | 96082508846600 | REQUEST-DATA: {"data":"","files":[]}
[2025-10-15 14:37:31] | 96082508846600 | REQUEST-URL-DATA: ["Login","get_captcha"]
[2025-10-15 14:37:31] | 96082508846600 | AUTH-CHECK: false
[2025-10-15 14:37:31] | 96082508846600 | REQUEST-STARTED: "Login"
[2025-10-15 14:37:31] | 96082508846600 | LOADING CONTROLLER
[2025-10-15 14:37:31] | 96082508846600 | REQUEST-ENDED: "Login"
